time="2022-06-17T17:02:18+08:00" level=info msg="开始处理日志路径的日志：risk-air01"
time="2022-06-17T17:02:18+08:00" level=info msg="配置k8s clientset"
time="2022-06-17T17:02:18+08:00" level=info msg="获取namespace"
time="2022-06-17T17:02:18+08:00" level=info msg="子系统不存在，开始处理日志air-web"
time="2022-06-17T17:02:18+08:00" level=info msg="配置k8s clientset"
time="2022-06-17T17:02:18+08:00" level=info msg="获取子系统：air-web"
time="2022-06-17T17:02:18+08:00" level=info msg="开始处理日志pod日志risk-air01-air-web-asda-123"
time="2022-06-17T17:02:18+08:00" level=info msg="配置k8s clientset"
time="2022-06-17T17:02:18+08:00" level=info msg="获取pod"
time="2022-06-17T17:02:18+08:00" level=info msg="risk-air01不存在容器air-web-asda-123"
time="2022-06-17T17:02:18+08:00" level=info msg="pod不存在开始处理日志pod日志risk-air01-air-web-asda-123"
time="2022-06-17T17:00:06+08:00" level=info msg="源目录:./logs/risk-air01/air-web/air-web-asda-123 -- 目标目录./logs/archive/risk-air01/air-web"
time="2022-06-17T17:00:06+08:00" level=info msg="开始处理日志路径的日志：risk-air02"
time="2022-06-17T17:00:06+08:00" level=info msg="配置k8s clientset"
time="2022-06-17T17:00:06+08:00" level=info msg="获取namespace"
time="2022-06-17T17:00:06+08:00" level=info msg="子系统不存在，开始处理日志air"
time="2022-06-17T17:00:06+08:00" level=info msg="配置k8s clientset"
time="2022-06-17T17:00:06+08:00" level=info msg="获取子系统：air"
time="2022-06-17T17:00:06+08:00" level=info msg="risk-air02不存在子系统air"
time="2022-06-17T17:00:06+08:00" level=info msg="子系统不存在，开始处理日志air"
time="2022-06-17T17:00:06+08:00" level=info msg="源目录:./logs/risk-air02/air -- 目标目录./logs/archive/risk-air02"
time="2022-06-17T17:00:06+08:00" level=info msg="子系统不存在，开始处理日志air-web"
time="2022-06-17T17:00:06+08:00" level=info msg="配置k8s clientset"
time="2022-06-17T17:00:06+08:00" level=info msg="获取子系统：air-web"
time="2022-06-17T17:00:06+08:00" level=info msg="开始处理日志pod日志risk-air02-air-web-aaa-111"
time="2022-06-17T17:00:06+08:00" level=info msg="配置k8s clientset"
time="2022-06-17T17:00:06+08:00" level=info msg="获取pod"
time="2022-06-17T17:00:06+08:00" level=info msg="risk-air02不存在容器air-web-aaa-111"
time="2022-06-17T17:00:06+08:00" level=info msg="pod不存在开始处理日志pod日志risk-air02-air-web-aaa-111"
time="2022-06-17T17:00:06+08:00" level=info msg="源目录:./logs/risk-air02/air-web/air-web-aaa-111 -- 目标目录./logs/archive/risk-air02/air-web"
time="2022-06-17T17:00:06+08:00" level=info msg="本次日志归档时间:83ms"
